<?xml version="1.0" encoding="UTF-8"?>
<coverage generated="1757924773930" clover="3.2.0">
  <project timestamp="1757924773930" name="All files">
    <metrics statements="81" coveredstatements="80" conditionals="21" coveredconditionals="20" methods="21" coveredmethods="20" elements="123" coveredelements="120" complexity="0" loc="81" ncloc="81" packages="1" files="1" classes="1"/>
    <file name="HomePage.js" path="/Users/wangjingting/cs4218-2510-ecom-project-team001/client/src/pages/HomePage.js">
      <metrics statements="81" coveredstatements="80" conditionals="21" coveredconditionals="20" methods="21" coveredmethods="20"/>
      <line num="12" count="1" type="stmt"/>
      <line num="13" count="79" type="stmt"/>
      <line num="14" count="79" type="stmt"/>
      <line num="15" count="79" type="stmt"/>
      <line num="16" count="79" type="stmt"/>
      <line num="17" count="79" type="stmt"/>
      <line num="18" count="79" type="stmt"/>
      <line num="19" count="79" type="stmt"/>
      <line num="20" count="79" type="stmt"/>
      <line num="21" count="79" type="stmt"/>
      <line num="24" count="79" type="stmt"/>
      <line num="25" count="21" type="stmt"/>
      <line num="26" count="21" type="stmt"/>
      <line num="27" count="20" type="cond" truecount="2" falsecount="0"/>
      <line num="28" count="19" type="stmt"/>
      <line num="31" count="1" type="stmt"/>
      <line num="32" count="1" type="stmt"/>
      <line num="36" count="79" type="stmt"/>
      <line num="37" count="21" type="stmt"/>
      <line num="38" count="21" type="stmt"/>
      <line num="41" count="79" type="stmt"/>
      <line num="42" count="21" type="stmt"/>
      <line num="43" count="21" type="stmt"/>
      <line num="44" count="21" type="stmt"/>
      <line num="45" count="20" type="stmt"/>
      <line num="46" count="20" type="stmt"/>
      <line num="48" count="1" type="stmt"/>
      <line num="49" count="1" type="stmt"/>
      <line num="50" count="1" type="stmt"/>
      <line num="55" count="79" type="stmt"/>
      <line num="56" count="42" type="stmt"/>
      <line num="57" count="42" type="stmt"/>
      <line num="58" count="40" type="stmt"/>
      <line num="60" count="2" type="stmt"/>
      <line num="61" count="2" type="stmt"/>
      <line num="65" count="79" type="stmt"/>
      <line num="66" count="23" type="cond" truecount="2" falsecount="0"/>
      <line num="67" count="2" type="stmt"/>
      <line num="70" count="79" type="stmt"/>
      <line num="71" count="2" type="stmt"/>
      <line num="72" count="2" type="stmt"/>
      <line num="73" count="2" type="stmt"/>
      <line num="74" count="1" type="stmt"/>
      <line num="75" count="1" type="stmt"/>
      <line num="77" count="1" type="stmt"/>
      <line num="78" count="1" type="stmt"/>
      <line num="79" count="1" type="stmt"/>
      <line num="84" count="79" type="stmt"/>
      <line num="85" count="7" type="stmt"/>
      <line num="86" count="7" type="cond" truecount="1" falsecount="1"/>
      <line num="87" count="7" type="stmt"/>
      <line num="89" count="0" type="stmt"/>
      <line num="91" count="7" type="stmt"/>
      <line num="93" count="79" type="stmt"/>
      <line num="94" count="30" type="cond" truecount="4" falsecount="0"/>
      <line num="95" count="21" type="stmt"/>
      <line num="96" count="21" type="stmt"/>
      <line num="97" count="21" type="stmt"/>
      <line num="101" count="79" type="stmt"/>
      <line num="102" count="30" type="cond" truecount="4" falsecount="0"/>
      <line num="106" count="79" type="stmt"/>
      <line num="107" count="9" type="stmt"/>
      <line num="108" count="9" type="stmt"/>
      <line num="112" count="8" type="stmt"/>
      <line num="113" count="8" type="stmt"/>
      <line num="114" count="8" type="stmt"/>
      <line num="116" count="1" type="stmt"/>
      <line num="117" count="1" type="stmt"/>
      <line num="120" count="79" type="stmt"/>
      <line num="135" count="43" type="stmt"/>
      <line num="137" count="7" type="stmt"/>
      <line num="146" count="2" type="stmt"/>
      <line num="148" count="237" type="stmt"/>
      <line num="157" count="1" type="stmt"/>
      <line num="167" count="68" type="stmt"/>
      <line num="189" count="1" type="stmt"/>
      <line num="196" count="1" type="stmt"/>
      <line num="197" count="1" type="stmt"/>
      <line num="201" count="1" type="stmt"/>
      <line num="216" count="2" type="stmt"/>
      <line num="217" count="2" type="stmt"/>
    </file>
  </project>
</coverage>
