<?xml version="1.0" encoding="UTF-8"?>
<coverage generated="1757910699285" clover="3.2.0">
  <project timestamp="1757910699285" name="All files">
    <metrics statements="76" coveredstatements="75" conditionals="19" coveredconditionals="18" methods="21" coveredmethods="20" elements="116" coveredelements="113" complexity="0" loc="76" ncloc="76" packages="1" files="1" classes="1"/>
    <file name="HomePage.js" path="/Users/wangjingting/cs4218-2510-ecom-project-team001/client/src/pages/HomePage.js">
      <metrics statements="76" coveredstatements="75" conditionals="19" coveredconditionals="18" methods="21" coveredmethods="20"/>
      <line num="12" count="1" type="stmt"/>
      <line num="13" count="72" type="stmt"/>
      <line num="14" count="72" type="stmt"/>
      <line num="15" count="72" type="stmt"/>
      <line num="16" count="72" type="stmt"/>
      <line num="17" count="72" type="stmt"/>
      <line num="18" count="72" type="stmt"/>
      <line num="19" count="72" type="stmt"/>
      <line num="20" count="72" type="stmt"/>
      <line num="21" count="72" type="stmt"/>
      <line num="24" count="72" type="stmt"/>
      <line num="25" count="17" type="stmt"/>
      <line num="26" count="17" type="stmt"/>
      <line num="27" count="16" type="cond" truecount="2" falsecount="0"/>
      <line num="28" count="15" type="stmt"/>
      <line num="31" count="1" type="stmt"/>
      <line num="32" count="1" type="stmt"/>
      <line num="36" count="72" type="stmt"/>
      <line num="37" count="17" type="stmt"/>
      <line num="38" count="17" type="stmt"/>
      <line num="41" count="72" type="stmt"/>
      <line num="42" count="23" type="stmt"/>
      <line num="43" count="23" type="stmt"/>
      <line num="44" count="23" type="stmt"/>
      <line num="45" count="22" type="stmt"/>
      <line num="46" count="22" type="stmt"/>
      <line num="48" count="1" type="stmt"/>
      <line num="49" count="1" type="stmt"/>
      <line num="50" count="1" type="stmt"/>
      <line num="55" count="72" type="stmt"/>
      <line num="56" count="17" type="stmt"/>
      <line num="57" count="17" type="stmt"/>
      <line num="58" count="16" type="stmt"/>
      <line num="60" count="1" type="stmt"/>
      <line num="61" count="1" type="stmt"/>
      <line num="65" count="72" type="stmt"/>
      <line num="66" count="19" type="cond" truecount="2" falsecount="0"/>
      <line num="67" count="2" type="stmt"/>
      <line num="70" count="72" type="stmt"/>
      <line num="71" count="2" type="stmt"/>
      <line num="72" count="2" type="stmt"/>
      <line num="73" count="2" type="stmt"/>
      <line num="74" count="1" type="stmt"/>
      <line num="75" count="1" type="stmt"/>
      <line num="77" count="1" type="stmt"/>
      <line num="78" count="1" type="stmt"/>
      <line num="79" count="1" type="stmt"/>
      <line num="84" count="72" type="stmt"/>
      <line num="85" count="5" type="stmt"/>
      <line num="86" count="5" type="cond" truecount="1" falsecount="1"/>
      <line num="87" count="5" type="stmt"/>
      <line num="89" count="0" type="stmt"/>
      <line num="91" count="5" type="stmt"/>
      <line num="93" count="72" type="stmt"/>
      <line num="94" count="24" type="cond" truecount="4" falsecount="0"/>
      <line num="97" count="72" type="stmt"/>
      <line num="98" count="24" type="cond" truecount="4" falsecount="0"/>
      <line num="102" count="72" type="stmt"/>
      <line num="103" count="7" type="stmt"/>
      <line num="104" count="7" type="stmt"/>
      <line num="108" count="6" type="stmt"/>
      <line num="110" count="1" type="stmt"/>
      <line num="111" count="1" type="stmt"/>
      <line num="114" count="72" type="stmt"/>
      <line num="129" count="37" type="stmt"/>
      <line num="131" count="5" type="stmt"/>
      <line num="140" count="2" type="stmt"/>
      <line num="142" count="216" type="stmt"/>
      <line num="151" count="1" type="stmt"/>
      <line num="161" count="74" type="stmt"/>
      <line num="183" count="1" type="stmt"/>
      <line num="190" count="1" type="stmt"/>
      <line num="191" count="1" type="stmt"/>
      <line num="195" count="1" type="stmt"/>
      <line num="210" count="2" type="stmt"/>
      <line num="211" count="2" type="stmt"/>
    </file>
  </project>
</coverage>
