{"/Users/wangjingting/cs4218-2510-ecom-project-team001/client/src/pages/HomePage.js": {"path":"/Users/wangjingting/cs4218-2510-ecom-project-team001/client/src/pages/HomePage.js","statementMap":{"0":{"start":{"line":12,"column":17},"end":{"line":229,"column":1}},"1":{"start":{"line":13,"column":19},"end":{"line":13,"column":32}},"2":{"start":{"line":14,"column":26},"end":{"line":14,"column":35}},"3":{"start":{"line":15,"column":34},"end":{"line":15,"column":46}},"4":{"start":{"line":16,"column":38},"end":{"line":16,"column":50}},"5":{"start":{"line":17,"column":32},"end":{"line":17,"column":44}},"6":{"start":{"line":18,"column":28},"end":{"line":18,"column":40}},"7":{"start":{"line":19,"column":28},"end":{"line":19,"column":39}},"8":{"start":{"line":20,"column":26},"end":{"line":20,"column":37}},"9":{"start":{"line":21,"column":32},"end":{"line":21,"column":47}},"10":{"start":{"line":24,"column":25},"end":{"line":34,"column":3}},"11":{"start":{"line":25,"column":4},"end":{"line":33,"column":5}},"12":{"start":{"line":26,"column":23},"end":{"line":26,"column":71}},"13":{"start":{"line":27,"column":6},"end":{"line":29,"column":7}},"14":{"start":{"line":28,"column":8},"end":{"line":28,"column":38}},"15":{"start":{"line":31,"column":6},"end":{"line":31,"column":27}},"16":{"start":{"line":32,"column":6},"end":{"line":32,"column":46}},"17":{"start":{"line":36,"column":2},"end":{"line":39,"column":9}},"18":{"start":{"line":37,"column":4},"end":{"line":37,"column":21}},"19":{"start":{"line":38,"column":4},"end":{"line":38,"column":15}},"20":{"start":{"line":41,"column":25},"end":{"line":52,"column":3}},"21":{"start":{"line":42,"column":4},"end":{"line":51,"column":5}},"22":{"start":{"line":43,"column":6},"end":{"line":43,"column":23}},"23":{"start":{"line":44,"column":23},"end":{"line":44,"column":78}},"24":{"start":{"line":45,"column":6},"end":{"line":45,"column":24}},"25":{"start":{"line":46,"column":6},"end":{"line":46,"column":33}},"26":{"start":{"line":48,"column":6},"end":{"line":48,"column":24}},"27":{"start":{"line":49,"column":6},"end":{"line":49,"column":27}},"28":{"start":{"line":50,"column":6},"end":{"line":50,"column":44}},"29":{"start":{"line":55,"column":19},"end":{"line":63,"column":3}},"30":{"start":{"line":56,"column":4},"end":{"line":62,"column":5}},"31":{"start":{"line":57,"column":23},"end":{"line":57,"column":71}},"32":{"start":{"line":58,"column":6},"end":{"line":58,"column":28}},"33":{"start":{"line":60,"column":6},"end":{"line":60,"column":27}},"34":{"start":{"line":61,"column":6},"end":{"line":61,"column":50}},"35":{"start":{"line":65,"column":2},"end":{"line":68,"column":13}},"36":{"start":{"line":66,"column":4},"end":{"line":66,"column":27}},"37":{"start":{"line":66,"column":20},"end":{"line":66,"column":27}},"38":{"start":{"line":67,"column":4},"end":{"line":67,"column":15}},"39":{"start":{"line":70,"column":19},"end":{"line":81,"column":3}},"40":{"start":{"line":71,"column":4},"end":{"line":80,"column":5}},"41":{"start":{"line":72,"column":6},"end":{"line":72,"column":23}},"42":{"start":{"line":73,"column":23},"end":{"line":73,"column":78}},"43":{"start":{"line":74,"column":6},"end":{"line":74,"column":24}},"44":{"start":{"line":75,"column":6},"end":{"line":75,"column":52}},"45":{"start":{"line":77,"column":6},"end":{"line":77,"column":27}},"46":{"start":{"line":78,"column":6},"end":{"line":78,"column":24}},"47":{"start":{"line":79,"column":6},"end":{"line":79,"column":50}},"48":{"start":{"line":84,"column":23},"end":{"line":92,"column":3}},"49":{"start":{"line":85,"column":14},"end":{"line":85,"column":26}},"50":{"start":{"line":86,"column":4},"end":{"line":90,"column":5}},"51":{"start":{"line":87,"column":6},"end":{"line":87,"column":19}},"52":{"start":{"line":89,"column":6},"end":{"line":89,"column":40}},"53":{"start":{"line":89,"column":30},"end":{"line":89,"column":38}},"54":{"start":{"line":91,"column":4},"end":{"line":91,"column":20}},"55":{"start":{"line":93,"column":2},"end":{"line":95,"column":37}},"56":{"start":{"line":94,"column":4},"end":{"line":94,"column":59}},"57":{"start":{"line":94,"column":42},"end":{"line":94,"column":59}},"58":{"start":{"line":97,"column":2},"end":{"line":99,"column":23}},"59":{"start":{"line":98,"column":4},"end":{"line":98,"column":56}},"60":{"start":{"line":98,"column":40},"end":{"line":98,"column":56}},"61":{"start":{"line":102,"column":24},"end":{"line":113,"column":3}},"62":{"start":{"line":103,"column":4},"end":{"line":112,"column":5}},"63":{"start":{"line":104,"column":23},"end":{"line":107,"column":8}},"64":{"start":{"line":108,"column":6},"end":{"line":108,"column":34}},"65":{"start":{"line":110,"column":6},"end":{"line":110,"column":27}},"66":{"start":{"line":111,"column":6},"end":{"line":111,"column":47}},"67":{"start":{"line":114,"column":2},"end":{"line":228,"column":4}},"68":{"start":{"line":129,"column":14},"end":{"line":134,"column":25}},"69":{"start":{"line":131,"column":33},"end":{"line":131,"column":70}},"70":{"start":{"line":140,"column":42},"end":{"line":140,"column":66}},"71":{"start":{"line":142,"column":16},"end":{"line":144,"column":22}},"72":{"start":{"line":151,"column":29},"end":{"line":151,"column":53}},"73":{"start":{"line":161,"column":14},"end":{"line":202,"column":20}},"74":{"start":{"line":183,"column":37},"end":{"line":183,"column":67}},"75":{"start":{"line":190,"column":24},"end":{"line":190,"column":46}},"76":{"start":{"line":191,"column":24},"end":{"line":194,"column":26}},"77":{"start":{"line":195,"column":24},"end":{"line":195,"column":60}},"78":{"start":{"line":210,"column":18},"end":{"line":210,"column":37}},"79":{"start":{"line":211,"column":18},"end":{"line":211,"column":36}}},"fnMap":{"0":{"name":"(anonymous_0)","decl":{"start":{"line":12,"column":17},"end":{"line":12,"column":18}},"loc":{"start":{"line":12,"column":23},"end":{"line":229,"column":1}},"line":12},"1":{"name":"(anonymous_1)","decl":{"start":{"line":24,"column":25},"end":{"line":24,"column":26}},"loc":{"start":{"line":24,"column":37},"end":{"line":34,"column":3}},"line":24},"2":{"name":"(anonymous_2)","decl":{"start":{"line":36,"column":12},"end":{"line":36,"column":13}},"loc":{"start":{"line":36,"column":18},"end":{"line":39,"column":3}},"line":36},"3":{"name":"(anonymous_3)","decl":{"start":{"line":41,"column":25},"end":{"line":41,"column":26}},"loc":{"start":{"line":41,"column":37},"end":{"line":52,"column":3}},"line":41},"4":{"name":"(anonymous_4)","decl":{"start":{"line":55,"column":19},"end":{"line":55,"column":20}},"loc":{"start":{"line":55,"column":31},"end":{"line":63,"column":3}},"line":55},"5":{"name":"(anonymous_5)","decl":{"start":{"line":65,"column":12},"end":{"line":65,"column":13}},"loc":{"start":{"line":65,"column":18},"end":{"line":68,"column":3}},"line":65},"6":{"name":"(anonymous_6)","decl":{"start":{"line":70,"column":19},"end":{"line":70,"column":20}},"loc":{"start":{"line":70,"column":31},"end":{"line":81,"column":3}},"line":70},"7":{"name":"(anonymous_7)","decl":{"start":{"line":84,"column":23},"end":{"line":84,"column":24}},"loc":{"start":{"line":84,"column":38},"end":{"line":92,"column":3}},"line":84},"8":{"name":"(anonymous_8)","decl":{"start":{"line":89,"column":23},"end":{"line":89,"column":24}},"loc":{"start":{"line":89,"column":30},"end":{"line":89,"column":38}},"line":89},"9":{"name":"(anonymous_9)","decl":{"start":{"line":93,"column":12},"end":{"line":93,"column":13}},"loc":{"start":{"line":93,"column":18},"end":{"line":95,"column":3}},"line":93},"10":{"name":"(anonymous_10)","decl":{"start":{"line":97,"column":12},"end":{"line":97,"column":13}},"loc":{"start":{"line":97,"column":18},"end":{"line":99,"column":3}},"line":97},"11":{"name":"(anonymous_11)","decl":{"start":{"line":102,"column":24},"end":{"line":102,"column":25}},"loc":{"start":{"line":102,"column":36},"end":{"line":113,"column":3}},"line":102},"12":{"name":"(anonymous_12)","decl":{"start":{"line":128,"column":29},"end":{"line":128,"column":30}},"loc":{"start":{"line":129,"column":14},"end":{"line":134,"column":25}},"line":129},"13":{"name":"(anonymous_13)","decl":{"start":{"line":131,"column":26},"end":{"line":131,"column":27}},"loc":{"start":{"line":131,"column":33},"end":{"line":131,"column":70}},"line":131},"14":{"name":"(anonymous_14)","decl":{"start":{"line":140,"column":35},"end":{"line":140,"column":36}},"loc":{"start":{"line":140,"column":42},"end":{"line":140,"column":66}},"line":140},"15":{"name":"(anonymous_15)","decl":{"start":{"line":141,"column":27},"end":{"line":141,"column":28}},"loc":{"start":{"line":142,"column":16},"end":{"line":144,"column":22}},"line":142},"16":{"name":"(anonymous_16)","decl":{"start":{"line":151,"column":23},"end":{"line":151,"column":24}},"loc":{"start":{"line":151,"column":29},"end":{"line":151,"column":53}},"line":151},"17":{"name":"(anonymous_17)","decl":{"start":{"line":160,"column":27},"end":{"line":160,"column":28}},"loc":{"start":{"line":161,"column":14},"end":{"line":202,"column":20}},"line":161},"18":{"name":"(anonymous_18)","decl":{"start":{"line":183,"column":31},"end":{"line":183,"column":32}},"loc":{"start":{"line":183,"column":37},"end":{"line":183,"column":67}},"line":183},"19":{"name":"(anonymous_19)","decl":{"start":{"line":189,"column":31},"end":{"line":189,"column":32}},"loc":{"start":{"line":189,"column":37},"end":{"line":196,"column":23}},"line":189},"20":{"name":"(anonymous_20)","decl":{"start":{"line":209,"column":25},"end":{"line":209,"column":26}},"loc":{"start":{"line":209,"column":32},"end":{"line":212,"column":17}},"line":209}},"branchMap":{"0":{"loc":{"start":{"line":27,"column":6},"end":{"line":29,"column":7}},"type":"if","locations":[{"start":{"line":27,"column":6},"end":{"line":29,"column":7}},{"start":{},"end":{}}],"line":27},"1":{"loc":{"start":{"line":66,"column":4},"end":{"line":66,"column":27}},"type":"if","locations":[{"start":{"line":66,"column":4},"end":{"line":66,"column":27}},{"start":{},"end":{}}],"line":66},"2":{"loc":{"start":{"line":86,"column":4},"end":{"line":90,"column":5}},"type":"if","locations":[{"start":{"line":86,"column":4},"end":{"line":90,"column":5}},{"start":{"line":88,"column":11},"end":{"line":90,"column":5}}],"line":86},"3":{"loc":{"start":{"line":94,"column":4},"end":{"line":94,"column":59}},"type":"if","locations":[{"start":{"line":94,"column":4},"end":{"line":94,"column":59}},{"start":{},"end":{}}],"line":94},"4":{"loc":{"start":{"line":94,"column":8},"end":{"line":94,"column":40}},"type":"binary-expr","locations":[{"start":{"line":94,"column":8},"end":{"line":94,"column":23}},{"start":{"line":94,"column":27},"end":{"line":94,"column":40}}],"line":94},"5":{"loc":{"start":{"line":98,"column":4},"end":{"line":98,"column":56}},"type":"if","locations":[{"start":{"line":98,"column":4},"end":{"line":98,"column":56}},{"start":{},"end":{}}],"line":98},"6":{"loc":{"start":{"line":98,"column":8},"end":{"line":98,"column":38}},"type":"binary-expr","locations":[{"start":{"line":98,"column":8},"end":{"line":98,"column":22}},{"start":{"line":98,"column":26},"end":{"line":98,"column":38}}],"line":98},"7":{"loc":{"start":{"line":206,"column":13},"end":{"line":223,"column":13}},"type":"binary-expr","locations":[{"start":{"line":206,"column":13},"end":{"line":206,"column":21}},{"start":{"line":206,"column":25},"end":{"line":206,"column":48}},{"start":{"line":207,"column":14},"end":{"line":222,"column":23}}],"line":206},"8":{"loc":{"start":{"line":214,"column":17},"end":{"line":221,"column":17}},"type":"cond-expr","locations":[{"start":{"line":215,"column":18},"end":{"line":215,"column":31}},{"start":{"line":217,"column":18},"end":{"line":220,"column":21}}],"line":214}},"s":{"0":1,"1":72,"2":72,"3":72,"4":72,"5":72,"6":72,"7":72,"8":72,"9":72,"10":72,"11":17,"12":17,"13":16,"14":15,"15":1,"16":1,"17":72,"18":17,"19":17,"20":72,"21":23,"22":23,"23":23,"24":22,"25":22,"26":1,"27":1,"28":1,"29":72,"30":17,"31":17,"32":16,"33":1,"34":1,"35":72,"36":19,"37":17,"38":2,"39":72,"40":2,"41":2,"42":2,"43":1,"44":1,"45":1,"46":1,"47":1,"48":72,"49":5,"50":5,"51":5,"52":0,"53":0,"54":5,"55":72,"56":24,"57":23,"58":72,"59":24,"60":7,"61":72,"62":7,"63":7,"64":6,"65":1,"66":1,"67":72,"68":37,"69":5,"70":2,"71":216,"72":1,"73":74,"74":1,"75":1,"76":1,"77":1,"78":2,"79":2},"f":{"0":72,"1":17,"2":17,"3":23,"4":17,"5":19,"6":2,"7":5,"8":0,"9":24,"10":24,"11":7,"12":37,"13":5,"14":2,"15":216,"16":1,"17":74,"18":1,"19":1,"20":2},"b":{"0":[15,1],"1":[17,2],"2":[5,0],"3":[23,1],"4":[24,6],"5":[7,17],"6":[24,18],"7":[72,72,21],"8":[6,15]},"_coverageSchema":"1a1c01bbd47fc00a2c39e90264f33305004495a9","hash":"5926681df9fd42339f391563180e833ce5e9091c"}
}
