{"/Users/wangjingting/cs4218-2510-ecom-project-team001/client/src/pages/HomePage.js": {"path":"/Users/wangjingting/cs4218-2510-ecom-project-team001/client/src/pages/HomePage.js","statementMap":{"0":{"start":{"line":12,"column":17},"end":{"line":238,"column":1}},"1":{"start":{"line":13,"column":19},"end":{"line":13,"column":32}},"2":{"start":{"line":14,"column":26},"end":{"line":14,"column":35}},"3":{"start":{"line":15,"column":34},"end":{"line":15,"column":46}},"4":{"start":{"line":16,"column":38},"end":{"line":16,"column":50}},"5":{"start":{"line":17,"column":32},"end":{"line":17,"column":44}},"6":{"start":{"line":18,"column":28},"end":{"line":18,"column":40}},"7":{"start":{"line":19,"column":28},"end":{"line":19,"column":39}},"8":{"start":{"line":20,"column":26},"end":{"line":20,"column":37}},"9":{"start":{"line":21,"column":32},"end":{"line":21,"column":47}},"10":{"start":{"line":24,"column":25},"end":{"line":34,"column":3}},"11":{"start":{"line":25,"column":4},"end":{"line":33,"column":5}},"12":{"start":{"line":26,"column":23},"end":{"line":26,"column":71}},"13":{"start":{"line":27,"column":6},"end":{"line":29,"column":7}},"14":{"start":{"line":28,"column":8},"end":{"line":28,"column":38}},"15":{"start":{"line":31,"column":6},"end":{"line":31,"column":27}},"16":{"start":{"line":32,"column":6},"end":{"line":32,"column":46}},"17":{"start":{"line":36,"column":2},"end":{"line":39,"column":9}},"18":{"start":{"line":37,"column":4},"end":{"line":37,"column":21}},"19":{"start":{"line":38,"column":4},"end":{"line":38,"column":15}},"20":{"start":{"line":41,"column":25},"end":{"line":52,"column":3}},"21":{"start":{"line":42,"column":4},"end":{"line":51,"column":5}},"22":{"start":{"line":43,"column":6},"end":{"line":43,"column":23}},"23":{"start":{"line":44,"column":23},"end":{"line":44,"column":78}},"24":{"start":{"line":45,"column":6},"end":{"line":45,"column":24}},"25":{"start":{"line":46,"column":6},"end":{"line":46,"column":33}},"26":{"start":{"line":48,"column":6},"end":{"line":48,"column":24}},"27":{"start":{"line":49,"column":6},"end":{"line":49,"column":27}},"28":{"start":{"line":50,"column":6},"end":{"line":50,"column":44}},"29":{"start":{"line":55,"column":19},"end":{"line":63,"column":3}},"30":{"start":{"line":56,"column":4},"end":{"line":62,"column":5}},"31":{"start":{"line":57,"column":23},"end":{"line":57,"column":71}},"32":{"start":{"line":58,"column":6},"end":{"line":58,"column":28}},"33":{"start":{"line":60,"column":6},"end":{"line":60,"column":27}},"34":{"start":{"line":61,"column":6},"end":{"line":61,"column":50}},"35":{"start":{"line":65,"column":2},"end":{"line":68,"column":13}},"36":{"start":{"line":66,"column":4},"end":{"line":66,"column":27}},"37":{"start":{"line":66,"column":20},"end":{"line":66,"column":27}},"38":{"start":{"line":67,"column":4},"end":{"line":67,"column":15}},"39":{"start":{"line":70,"column":19},"end":{"line":81,"column":3}},"40":{"start":{"line":71,"column":4},"end":{"line":80,"column":5}},"41":{"start":{"line":72,"column":6},"end":{"line":72,"column":23}},"42":{"start":{"line":73,"column":23},"end":{"line":73,"column":78}},"43":{"start":{"line":74,"column":6},"end":{"line":74,"column":24}},"44":{"start":{"line":75,"column":6},"end":{"line":75,"column":52}},"45":{"start":{"line":77,"column":6},"end":{"line":77,"column":27}},"46":{"start":{"line":78,"column":6},"end":{"line":78,"column":24}},"47":{"start":{"line":79,"column":6},"end":{"line":79,"column":50}},"48":{"start":{"line":84,"column":23},"end":{"line":92,"column":3}},"49":{"start":{"line":85,"column":14},"end":{"line":85,"column":26}},"50":{"start":{"line":86,"column":4},"end":{"line":90,"column":5}},"51":{"start":{"line":87,"column":6},"end":{"line":87,"column":19}},"52":{"start":{"line":89,"column":6},"end":{"line":89,"column":40}},"53":{"start":{"line":89,"column":30},"end":{"line":89,"column":38}},"54":{"start":{"line":91,"column":4},"end":{"line":91,"column":20}},"55":{"start":{"line":93,"column":2},"end":{"line":99,"column":37}},"56":{"start":{"line":94,"column":4},"end":{"line":98,"column":5}},"57":{"start":{"line":95,"column":6},"end":{"line":95,"column":23}},"58":{"start":{"line":96,"column":6},"end":{"line":96,"column":17}},"59":{"start":{"line":97,"column":6},"end":{"line":97,"column":17}},"60":{"start":{"line":101,"column":2},"end":{"line":103,"column":23}},"61":{"start":{"line":102,"column":4},"end":{"line":102,"column":56}},"62":{"start":{"line":102,"column":40},"end":{"line":102,"column":56}},"63":{"start":{"line":106,"column":24},"end":{"line":119,"column":3}},"64":{"start":{"line":107,"column":4},"end":{"line":118,"column":5}},"65":{"start":{"line":108,"column":23},"end":{"line":111,"column":8}},"66":{"start":{"line":112,"column":6},"end":{"line":112,"column":34}},"67":{"start":{"line":113,"column":6},"end":{"line":113,"column":34}},"68":{"start":{"line":114,"column":6},"end":{"line":114,"column":38}},"69":{"start":{"line":116,"column":6},"end":{"line":116,"column":27}},"70":{"start":{"line":117,"column":6},"end":{"line":117,"column":47}},"71":{"start":{"line":120,"column":2},"end":{"line":237,"column":4}},"72":{"start":{"line":135,"column":14},"end":{"line":140,"column":25}},"73":{"start":{"line":137,"column":33},"end":{"line":137,"column":70}},"74":{"start":{"line":146,"column":42},"end":{"line":146,"column":66}},"75":{"start":{"line":148,"column":16},"end":{"line":150,"column":22}},"76":{"start":{"line":157,"column":29},"end":{"line":157,"column":53}},"77":{"start":{"line":167,"column":14},"end":{"line":208,"column":20}},"78":{"start":{"line":189,"column":37},"end":{"line":189,"column":67}},"79":{"start":{"line":196,"column":24},"end":{"line":196,"column":46}},"80":{"start":{"line":197,"column":24},"end":{"line":200,"column":26}},"81":{"start":{"line":201,"column":24},"end":{"line":201,"column":60}},"82":{"start":{"line":216,"column":18},"end":{"line":216,"column":37}},"83":{"start":{"line":217,"column":18},"end":{"line":217,"column":36}}},"fnMap":{"0":{"name":"(anonymous_0)","decl":{"start":{"line":12,"column":17},"end":{"line":12,"column":18}},"loc":{"start":{"line":12,"column":23},"end":{"line":238,"column":1}},"line":12},"1":{"name":"(anonymous_1)","decl":{"start":{"line":24,"column":25},"end":{"line":24,"column":26}},"loc":{"start":{"line":24,"column":37},"end":{"line":34,"column":3}},"line":24},"2":{"name":"(anonymous_2)","decl":{"start":{"line":36,"column":12},"end":{"line":36,"column":13}},"loc":{"start":{"line":36,"column":18},"end":{"line":39,"column":3}},"line":36},"3":{"name":"(anonymous_3)","decl":{"start":{"line":41,"column":25},"end":{"line":41,"column":26}},"loc":{"start":{"line":41,"column":37},"end":{"line":52,"column":3}},"line":41},"4":{"name":"(anonymous_4)","decl":{"start":{"line":55,"column":19},"end":{"line":55,"column":20}},"loc":{"start":{"line":55,"column":31},"end":{"line":63,"column":3}},"line":55},"5":{"name":"(anonymous_5)","decl":{"start":{"line":65,"column":12},"end":{"line":65,"column":13}},"loc":{"start":{"line":65,"column":18},"end":{"line":68,"column":3}},"line":65},"6":{"name":"(anonymous_6)","decl":{"start":{"line":70,"column":19},"end":{"line":70,"column":20}},"loc":{"start":{"line":70,"column":31},"end":{"line":81,"column":3}},"line":70},"7":{"name":"(anonymous_7)","decl":{"start":{"line":84,"column":23},"end":{"line":84,"column":24}},"loc":{"start":{"line":84,"column":38},"end":{"line":92,"column":3}},"line":84},"8":{"name":"(anonymous_8)","decl":{"start":{"line":89,"column":23},"end":{"line":89,"column":24}},"loc":{"start":{"line":89,"column":30},"end":{"line":89,"column":38}},"line":89},"9":{"name":"(anonymous_9)","decl":{"start":{"line":93,"column":12},"end":{"line":93,"column":13}},"loc":{"start":{"line":93,"column":18},"end":{"line":99,"column":3}},"line":93},"10":{"name":"(anonymous_10)","decl":{"start":{"line":101,"column":12},"end":{"line":101,"column":13}},"loc":{"start":{"line":101,"column":18},"end":{"line":103,"column":3}},"line":101},"11":{"name":"(anonymous_11)","decl":{"start":{"line":106,"column":24},"end":{"line":106,"column":25}},"loc":{"start":{"line":106,"column":36},"end":{"line":119,"column":3}},"line":106},"12":{"name":"(anonymous_12)","decl":{"start":{"line":134,"column":29},"end":{"line":134,"column":30}},"loc":{"start":{"line":135,"column":14},"end":{"line":140,"column":25}},"line":135},"13":{"name":"(anonymous_13)","decl":{"start":{"line":137,"column":26},"end":{"line":137,"column":27}},"loc":{"start":{"line":137,"column":33},"end":{"line":137,"column":70}},"line":137},"14":{"name":"(anonymous_14)","decl":{"start":{"line":146,"column":35},"end":{"line":146,"column":36}},"loc":{"start":{"line":146,"column":42},"end":{"line":146,"column":66}},"line":146},"15":{"name":"(anonymous_15)","decl":{"start":{"line":147,"column":27},"end":{"line":147,"column":28}},"loc":{"start":{"line":148,"column":16},"end":{"line":150,"column":22}},"line":148},"16":{"name":"(anonymous_16)","decl":{"start":{"line":157,"column":23},"end":{"line":157,"column":24}},"loc":{"start":{"line":157,"column":29},"end":{"line":157,"column":53}},"line":157},"17":{"name":"(anonymous_17)","decl":{"start":{"line":166,"column":27},"end":{"line":166,"column":28}},"loc":{"start":{"line":167,"column":14},"end":{"line":208,"column":20}},"line":167},"18":{"name":"(anonymous_18)","decl":{"start":{"line":189,"column":31},"end":{"line":189,"column":32}},"loc":{"start":{"line":189,"column":37},"end":{"line":189,"column":67}},"line":189},"19":{"name":"(anonymous_19)","decl":{"start":{"line":195,"column":31},"end":{"line":195,"column":32}},"loc":{"start":{"line":195,"column":37},"end":{"line":202,"column":23}},"line":195},"20":{"name":"(anonymous_20)","decl":{"start":{"line":215,"column":25},"end":{"line":215,"column":26}},"loc":{"start":{"line":215,"column":32},"end":{"line":218,"column":17}},"line":215}},"branchMap":{"0":{"loc":{"start":{"line":27,"column":6},"end":{"line":29,"column":7}},"type":"if","locations":[{"start":{"line":27,"column":6},"end":{"line":29,"column":7}},{"start":{},"end":{}}],"line":27},"1":{"loc":{"start":{"line":66,"column":4},"end":{"line":66,"column":27}},"type":"if","locations":[{"start":{"line":66,"column":4},"end":{"line":66,"column":27}},{"start":{},"end":{}}],"line":66},"2":{"loc":{"start":{"line":86,"column":4},"end":{"line":90,"column":5}},"type":"if","locations":[{"start":{"line":86,"column":4},"end":{"line":90,"column":5}},{"start":{"line":88,"column":11},"end":{"line":90,"column":5}}],"line":86},"3":{"loc":{"start":{"line":94,"column":4},"end":{"line":98,"column":5}},"type":"if","locations":[{"start":{"line":94,"column":4},"end":{"line":98,"column":5}},{"start":{},"end":{}}],"line":94},"4":{"loc":{"start":{"line":94,"column":8},"end":{"line":94,"column":40}},"type":"binary-expr","locations":[{"start":{"line":94,"column":8},"end":{"line":94,"column":23}},{"start":{"line":94,"column":27},"end":{"line":94,"column":40}}],"line":94},"5":{"loc":{"start":{"line":102,"column":4},"end":{"line":102,"column":56}},"type":"if","locations":[{"start":{"line":102,"column":4},"end":{"line":102,"column":56}},{"start":{},"end":{}}],"line":102},"6":{"loc":{"start":{"line":102,"column":8},"end":{"line":102,"column":38}},"type":"binary-expr","locations":[{"start":{"line":102,"column":8},"end":{"line":102,"column":22}},{"start":{"line":102,"column":26},"end":{"line":102,"column":38}}],"line":102},"7":{"loc":{"start":{"line":212,"column":13},"end":{"line":229,"column":13}},"type":"binary-expr","locations":[{"start":{"line":212,"column":13},"end":{"line":212,"column":21}},{"start":{"line":212,"column":25},"end":{"line":212,"column":48}},{"start":{"line":213,"column":14},"end":{"line":228,"column":23}}],"line":212},"8":{"loc":{"start":{"line":220,"column":17},"end":{"line":227,"column":17}},"type":"cond-expr","locations":[{"start":{"line":221,"column":18},"end":{"line":221,"column":31}},{"start":{"line":223,"column":18},"end":{"line":226,"column":21}}],"line":220},"9":{"loc":{"start":{"line":230,"column":13},"end":{"line":232,"column":13}},"type":"binary-expr","locations":[{"start":{"line":230,"column":13},"end":{"line":230,"column":29}},{"start":{"line":231,"column":14},"end":{"line":231,"column":40}}],"line":230}},"s":{"0":1,"1":79,"2":79,"3":79,"4":79,"5":79,"6":79,"7":79,"8":79,"9":79,"10":79,"11":21,"12":21,"13":20,"14":19,"15":1,"16":1,"17":79,"18":21,"19":21,"20":79,"21":21,"22":21,"23":21,"24":20,"25":20,"26":1,"27":1,"28":1,"29":79,"30":42,"31":42,"32":40,"33":2,"34":2,"35":79,"36":23,"37":21,"38":2,"39":79,"40":2,"41":2,"42":2,"43":1,"44":1,"45":1,"46":1,"47":1,"48":79,"49":7,"50":7,"51":7,"52":0,"53":0,"54":7,"55":79,"56":30,"57":21,"58":21,"59":21,"60":79,"61":30,"62":9,"63":79,"64":9,"65":9,"66":8,"67":8,"68":8,"69":1,"70":1,"71":79,"72":43,"73":7,"74":2,"75":237,"76":1,"77":68,"78":1,"79":1,"80":1,"81":1,"82":2,"83":2},"f":{"0":79,"1":21,"2":21,"3":21,"4":42,"5":23,"6":2,"7":7,"8":0,"9":30,"10":30,"11":9,"12":43,"13":7,"14":2,"15":237,"16":1,"17":68,"18":1,"19":1,"20":2},"b":{"0":[19,1],"1":[21,2],"2":[7,0],"3":[21,9],"4":[30,22],"5":[9,21],"6":[30,22],"7":[79,79,17],"8":[2,15],"9":[79,46]},"_coverageSchema":"1a1c01bbd47fc00a2c39e90264f33305004495a9","hash":"a1f41e6125f4b55a84891216a9749c1bdf242d10"}
}
