TN:
SF:client/src/pages/HomePage.js
FN:12,(anonymous_0)
FN:24,(anonymous_1)
FN:36,(anonymous_2)
FN:41,(anonymous_3)
FN:55,(anonymous_4)
FN:65,(anonymous_5)
FN:70,(anonymous_6)
FN:84,(anonymous_7)
FN:89,(anonymous_8)
FN:93,(anonymous_9)
FN:101,(anonymous_10)
FN:106,(anonymous_11)
FN:134,(anonymous_12)
FN:137,(anonymous_13)
FN:146,(anonymous_14)
FN:147,(anonymous_15)
FN:157,(anonymous_16)
FN:166,(anonymous_17)
FN:189,(anonymous_18)
FN:195,(anonymous_19)
FN:215,(anonymous_20)
FNF:21
FNH:20
FNDA:79,(anonymous_0)
FNDA:21,(anonymous_1)
FNDA:21,(anonymous_2)
FNDA:21,(anonymous_3)
FNDA:42,(anonymous_4)
FNDA:23,(anonymous_5)
FNDA:2,(anonymous_6)
FNDA:7,(anonymous_7)
FNDA:0,(anonymous_8)
FNDA:30,(anonymous_9)
FNDA:30,(anonymous_10)
FNDA:9,(anonymous_11)
FNDA:43,(anonymous_12)
FNDA:7,(anonymous_13)
FNDA:2,(anonymous_14)
FNDA:237,(anonymous_15)
FNDA:1,(anonymous_16)
FNDA:68,(anonymous_17)
FNDA:1,(anonymous_18)
FNDA:1,(anonymous_19)
FNDA:2,(anonymous_20)
DA:12,1
DA:13,79
DA:14,79
DA:15,79
DA:16,79
DA:17,79
DA:18,79
DA:19,79
DA:20,79
DA:21,79
DA:24,79
DA:25,21
DA:26,21
DA:27,20
DA:28,19
DA:31,1
DA:32,1
DA:36,79
DA:37,21
DA:38,21
DA:41,79
DA:42,21
DA:43,21
DA:44,21
DA:45,20
DA:46,20
DA:48,1
DA:49,1
DA:50,1
DA:55,79
DA:56,42
DA:57,42
DA:58,40
DA:60,2
DA:61,2
DA:65,79
DA:66,23
DA:67,2
DA:70,79
DA:71,2
DA:72,2
DA:73,2
DA:74,1
DA:75,1
DA:77,1
DA:78,1
DA:79,1
DA:84,79
DA:85,7
DA:86,7
DA:87,7
DA:89,0
DA:91,7
DA:93,79
DA:94,30
DA:95,21
DA:96,21
DA:97,21
DA:101,79
DA:102,30
DA:106,79
DA:107,9
DA:108,9
DA:112,8
DA:113,8
DA:114,8
DA:116,1
DA:117,1
DA:120,79
DA:135,43
DA:137,7
DA:146,2
DA:148,237
DA:157,1
DA:167,68
DA:189,1
DA:196,1
DA:197,1
DA:201,1
DA:216,2
DA:217,2
LF:81
LH:80
BRDA:27,0,0,19
BRDA:27,0,1,1
BRDA:66,1,0,21
BRDA:66,1,1,2
BRDA:86,2,0,7
BRDA:86,2,1,0
BRDA:94,3,0,21
BRDA:94,3,1,9
BRDA:94,4,0,30
BRDA:94,4,1,22
BRDA:102,5,0,9
BRDA:102,5,1,21
BRDA:102,6,0,30
BRDA:102,6,1,22
BRDA:212,7,0,79
BRDA:212,7,1,79
BRDA:212,7,2,17
BRDA:220,8,0,2
BRDA:220,8,1,15
BRDA:230,9,0,79
BRDA:230,9,1,46
BRF:21
BRH:20
end_of_record
