TN:
SF:client/src/pages/HomePage.js
FN:12,(anonymous_0)
FN:24,(anonymous_1)
FN:36,(anonymous_2)
FN:41,(anonymous_3)
FN:55,(anonymous_4)
FN:65,(anonymous_5)
FN:70,(anonymous_6)
FN:84,(anonymous_7)
FN:89,(anonymous_8)
FN:93,(anonymous_9)
FN:97,(anonymous_10)
FN:102,(anonymous_11)
FN:128,(anonymous_12)
FN:131,(anonymous_13)
FN:140,(anonymous_14)
FN:141,(anonymous_15)
FN:151,(anonymous_16)
FN:160,(anonymous_17)
FN:183,(anonymous_18)
FN:189,(anonymous_19)
FN:209,(anonymous_20)
FNF:21
FNH:20
FNDA:72,(anonymous_0)
FNDA:17,(anonymous_1)
FNDA:17,(anonymous_2)
FNDA:23,(anonymous_3)
FNDA:17,(anonymous_4)
FNDA:19,(anonymous_5)
FNDA:2,(anonymous_6)
FNDA:5,(anonymous_7)
FNDA:0,(anonymous_8)
FNDA:24,(anonymous_9)
FNDA:24,(anonymous_10)
FNDA:7,(anonymous_11)
FNDA:37,(anonymous_12)
FNDA:5,(anonymous_13)
FNDA:2,(anonymous_14)
FNDA:216,(anonymous_15)
FNDA:1,(anonymous_16)
FNDA:74,(anonymous_17)
FNDA:1,(anonymous_18)
FNDA:1,(anonymous_19)
FNDA:2,(anonymous_20)
DA:12,1
DA:13,72
DA:14,72
DA:15,72
DA:16,72
DA:17,72
DA:18,72
DA:19,72
DA:20,72
DA:21,72
DA:24,72
DA:25,17
DA:26,17
DA:27,16
DA:28,15
DA:31,1
DA:32,1
DA:36,72
DA:37,17
DA:38,17
DA:41,72
DA:42,23
DA:43,23
DA:44,23
DA:45,22
DA:46,22
DA:48,1
DA:49,1
DA:50,1
DA:55,72
DA:56,17
DA:57,17
DA:58,16
DA:60,1
DA:61,1
DA:65,72
DA:66,19
DA:67,2
DA:70,72
DA:71,2
DA:72,2
DA:73,2
DA:74,1
DA:75,1
DA:77,1
DA:78,1
DA:79,1
DA:84,72
DA:85,5
DA:86,5
DA:87,5
DA:89,0
DA:91,5
DA:93,72
DA:94,24
DA:97,72
DA:98,24
DA:102,72
DA:103,7
DA:104,7
DA:108,6
DA:110,1
DA:111,1
DA:114,72
DA:129,37
DA:131,5
DA:140,2
DA:142,216
DA:151,1
DA:161,74
DA:183,1
DA:190,1
DA:191,1
DA:195,1
DA:210,2
DA:211,2
LF:76
LH:75
BRDA:27,0,0,15
BRDA:27,0,1,1
BRDA:66,1,0,17
BRDA:66,1,1,2
BRDA:86,2,0,5
BRDA:86,2,1,0
BRDA:94,3,0,23
BRDA:94,3,1,1
BRDA:94,4,0,24
BRDA:94,4,1,6
BRDA:98,5,0,7
BRDA:98,5,1,17
BRDA:98,6,0,24
BRDA:98,6,1,18
BRDA:206,7,0,72
BRDA:206,7,1,72
BRDA:206,7,2,21
BRDA:214,8,0,6
BRDA:214,8,1,15
BRF:19
BRH:18
end_of_record
